[0.013s] Invoking command in '/home/nipun/ros2RB_ws/build/simple_pkg_cpp': CMAKE_PREFIX_PATH=${CMAKE_PREFIX_PATH}:/home/nipun/ros2RB_ws/install/simple_pkg:/home/nipun/ros2_ws/install/my_py_pkg:/opt/ros/humble /usr/bin/cmake --build /home/nipun/ros2RB_ws/build/simple_pkg_cpp -- -j3 -l3
[0.048s] -- Found ament_cmake: 1.3.9 (/opt/ros/humble/share/ament_cmake/cmake)
[0.203s] -- Found rclcpp: 16.0.9 (/opt/ros/humble/share/rclcpp/cmake)
[0.250s] -- Found rosidl_generator_c: 3.1.5 (/opt/ros/humble/share/rosidl_generator_c/cmake)
[0.254s] -- Found rosidl_adapter: 3.1.5 (/opt/ros/humble/share/rosidl_adapter/cmake)
[0.264s] -- Found rosidl_generator_cpp: 3.1.5 (/opt/ros/humble/share/rosidl_generator_cpp/cmake)
[0.284s] -- Using all available rosidl_typesupport_c: rosidl_typesupport_fastrtps_c;rosidl_typesupport_introspection_c
[0.313s] -- Using all available rosidl_typesupport_cpp: rosidl_typesupport_fastrtps_cpp;rosidl_typesupport_introspection_cpp
[0.418s] -- Found rmw_implementation_cmake: 6.1.2 (/opt/ros/humble/share/rmw_implementation_cmake/cmake)
[0.420s] -- Found rmw_fastrtps_cpp: 6.2.6 (/opt/ros/humble/share/rmw_fastrtps_cpp/cmake)
[0.587s] -- Using RMW implementation 'rmw_fastrtps_cpp' as default
[0.877s] -- Found ament_lint_auto: 0.12.11 (/opt/ros/humble/share/ament_lint_auto/cmake)
[0.984s] -- Added test 'cppcheck' to perform static code analysis on C / C++ code
[0.985s] -- Configured cppcheck include dirs: 
[0.985s] -- Configured cppcheck exclude dirs and/or files: 
[0.987s] -- Added test 'flake8' to check Python code syntax and style conventions
[0.992s] -- Added test 'lint_cmake' to check CMake code style
[0.994s] -- Added test 'pep257' to check Python code against some of the docstring style conventions in PEP 257
[1.009s] -- Added test 'uncrustify' to check C / C++ code style
[1.009s] -- Configured uncrustify additional arguments: 
[1.013s] -- Added test 'xmllint' to check XML markup files
[1.013s] -- Configuring done
[1.034s] -- Generating done
[1.034s] -- Build files have been written to: /home/nipun/ros2RB_ws/build/simple_pkg_cpp
[1.064s] [35m[1mConsolidate compiler generated dependencies of target HelloWorldPublisherCpp[0m
[1.075s] [ 25%] [32mBuilding CXX object CMakeFiles/HelloWorldSubscriberCpp.dir/src/subscriber.cpp.o[0m
[1.087s] [ 75%] Built target HelloWorldPublisherCpp
[3.747s] [01m[K/home/nipun/ros2RB_ws/simple_pkg_cpp/src/subscriber.cpp:13:23:[m[K [01;31m[Kerror: [m[Ktemporary of non-literal type â€˜[01m[Krclcpp::Node[m[Kâ€™ in a constant expression
[3.747s]    13 |     CSubscriberNode : [01;31m[KNode("HelloWorldCppSubscriber")[m[K
[3.747s]       |                       [01;31m[K^~~~~~~~~~~~~~~~~~~~~~~~~~~~~~~[m[K
[3.747s] In file included from [01m[K/opt/ros/humble/include/rclcpp/rclcpp/executors/single_threaded_executor.hpp:28[m[K,
[3.747s]                  from [01m[K/opt/ros/humble/include/rclcpp/rclcpp/executors.hpp:22[m[K,
[3.747s]                  from [01m[K/opt/ros/humble/include/rclcpp/rclcpp/rclcpp.hpp:155[m[K,
[3.747s]                  from [01m[K/home/nipun/ros2RB_ws/simple_pkg_cpp/src/subscriber.cpp:2[m[K:
[3.747s] [01m[K/opt/ros/humble/include/rclcpp/rclcpp/node.hpp:77:7:[m[K [01;36m[Knote: [m[Kâ€˜[01m[Krclcpp::Node[m[Kâ€™ is not literal because:
[3.747s]    77 | class [01;36m[KNode[m[K : public std::enable_shared_from_this<Node>
[3.748s]       |       [01;36m[K^~~~[m[K
[3.748s] [01m[K/opt/ros/humble/include/rclcpp/rclcpp/node.hpp:77:7:[m[K [01;36m[Knote: [m[K  â€˜[01m[Krclcpp::Node[m[Kâ€™ has a non-trivial destructor
[3.748s] [01m[K/home/nipun/ros2RB_ws/simple_pkg_cpp/src/subscriber.cpp:14:5:[m[K [01;31m[Kerror: [m[Kdefault member initializer for unnamed bit-field
[3.748s]    14 |     [01;31m[K{[m[K
[3.748s]       |     [01;31m[K^[m[K
[3.748s] [01m[K/home/nipun/ros2RB_ws/simple_pkg_cpp/src/subscriber.cpp:16:5:[m[K [01;31m[Kerror: [m[Kname â€˜[01m[KCSubscriberNode[m[Kâ€™ has incomplete type
[3.748s]    16 |     [01;31m[K}[m[K
[3.748s]       |     [01;31m[K^[m[K
[3.748s] [01m[K/home/nipun/ros2RB_ws/simple_pkg_cpp/src/subscriber.cpp:16:5:[m[K [01;31m[Kerror: [m[Kexpected â€˜[01m[K;[m[Kâ€™ at end of member declaration
[3.748s]    16 |     [01;31m[K}[m[K
[3.749s]       |     [01;31m[K^[m[K
[3.749s]       |      [32m[K;[m[K
[3.752s] In file included from [01m[K/opt/ros/humble/include/rclcpp/rclcpp/logging.hpp:24[m[K,
[3.752s]                  from [01m[K/opt/ros/humble/include/rclcpp/rclcpp/client.hpp:40[m[K,
[3.752s]                  from [01m[K/opt/ros/humble/include/rclcpp/rclcpp/callback_group.hpp:24[m[K,
[3.752s]                  from [01m[K/opt/ros/humble/include/rclcpp/rclcpp/any_executable.hpp:20[m[K,
[3.752s]                  from [01m[K/opt/ros/humble/include/rclcpp/rclcpp/memory_strategy.hpp:25[m[K,
[3.752s]                  from [01m[K/opt/ros/humble/include/rclcpp/rclcpp/memory_strategies.hpp:18[m[K,
[3.752s]                  from [01m[K/opt/ros/humble/include/rclcpp/rclcpp/executor_options.hpp:20[m[K,
[3.752s]                  from [01m[K/opt/ros/humble/include/rclcpp/rclcpp/executor.hpp:37[m[K,
[3.753s]                  from [01m[K/opt/ros/humble/include/rclcpp/rclcpp/executors/multi_threaded_executor.hpp:25[m[K,
[3.753s]                  from [01m[K/opt/ros/humble/include/rclcpp/rclcpp/executors.hpp:21[m[K,
[3.753s]                  from [01m[K/opt/ros/humble/include/rclcpp/rclcpp/rclcpp.hpp:155[m[K,
[3.753s]                  from [01m[K/home/nipun/ros2RB_ws/simple_pkg_cpp/src/subscriber.cpp:2[m[K:
[3.753s] [01m[K/home/nipun/ros2RB_ws/simple_pkg_cpp/src/subscriber.cpp:[m[K In member function â€˜[01m[Kvoid CSubscriberNode::topic_callback(std::shared_ptr<std_msgs::msg::String_<std::allocator<void> > >)[m[Kâ€™:
[3.753s] [01m[K/home/nipun/ros2RB_ws/simple_pkg_cpp/src/subscriber.cpp:23:9:[m[K [01;31m[Kerror: [m[Kexpected primary-expression before â€˜[01m[K)[m[Kâ€™ token
[3.753s]    23 |         [01;31m[KRCLCPP_INFO[m[K(this->get_logger()), "Recieved value '%s'", msg->data.c_str());
[3.753s]       |         [01;31m[K^~~~~~~~~~~[m[K
[3.753s] [01m[K/home/nipun/ros2RB_ws/simple_pkg_cpp/src/subscriber.cpp:23:40:[m[K [01;31m[Kerror: [m[Kexpected â€˜[01m[K;[m[Kâ€™ before â€˜[01m[K,[m[Kâ€™ token
[3.753s]    23 |         RCLCPP_INFO(this->get_logger())[01;31m[K,[m[K "Recieved value '%s'", msg->data.c_str());
[3.754s]       |                                        [01;31m[K^[m[K
[3.754s] [01m[K/home/nipun/ros2RB_ws/simple_pkg_cpp/src/subscriber.cpp:23:40:[m[K [01;31m[Kerror: [m[Kexpected primary-expression before â€˜[01m[K,[m[Kâ€™ token
[4.177s] In file included from [01m[K/usr/include/x86_64-linux-gnu/c++/11/bits/c++allocator.h:33[m[K,
[4.177s]                  from [01m[K/usr/include/c++/11/bits/allocator.h:46[m[K,
[4.177s]                  from [01m[K/usr/include/c++/11/memory:64[m[K,
[4.177s]                  from [01m[K/home/nipun/ros2RB_ws/simple_pkg_cpp/src/subscriber.cpp:1[m[K:
[4.177s] /usr/include/c++/11/ext/new_allocator.h: In instantiation of â€˜[01m[Kvoid __gnu_cxx::new_allocator<_Tp>::construct(_Up*, _Args&& ...) [with _Up = CSubscriberNode; _Args = {}; _Tp = CSubscriberNode][m[Kâ€™:
[4.177s] [01m[K/usr/include/c++/11/bits/alloc_traits.h:516:17:[m[K   required from â€˜[01m[Kstatic void std::allocator_traits<std::allocator<_Tp1> >::construct(std::allocator_traits<std::allocator<_Tp1> >::allocator_type&, _Up*, _Args&& ...) [with _Up = CSubscriberNode; _Args = {}; _Tp = CSubscriberNode; std::allocator_traits<std::allocator<_Tp1> >::allocator_type = std::allocator<CSubscriberNode>][m[Kâ€™
[4.177s] [01m[K/usr/include/c++/11/bits/shared_ptr_base.h:519:39:[m[K   required from â€˜[01m[Kstd::_Sp_counted_ptr_inplace<_Tp, _Alloc, _Lp>::_Sp_counted_ptr_inplace(_Alloc, _Args&& ...) [with _Args = {}; _Tp = CSubscriberNode; _Alloc = std::allocator<CSubscriberNode>; __gnu_cxx::_Lock_policy _Lp = __gnu_cxx::_S_atomic][m[Kâ€™
[4.177s] [01m[K/usr/include/c++/11/bits/shared_ptr_base.h:650:16:[m[K   required from â€˜[01m[Kstd::__shared_count<_Lp>::__shared_count(_Tp*&, std::_Sp_alloc_shared_tag<_Alloc>, _Args&& ...) [with _Tp = CSubscriberNode; _Alloc = std::allocator<CSubscriberNode>; _Args = {}; __gnu_cxx::_Lock_policy _Lp = __gnu_cxx::_S_atomic][m[Kâ€™
[4.177s] [01m[K/usr/include/c++/11/bits/shared_ptr_base.h:1342:14:[m[K   required from â€˜[01m[Kstd::__shared_ptr<_Tp, _Lp>::__shared_ptr(std::_Sp_alloc_shared_tag<_Tp>, _Args&& ...) [with _Alloc = std::allocator<CSubscriberNode>; _Args = {}; _Tp = CSubscriberNode; __gnu_cxx::_Lock_policy _Lp = __gnu_cxx::_S_atomic][m[Kâ€™
[4.177s] [01m[K/usr/include/c++/11/bits/shared_ptr.h:409:59:[m[K   required from â€˜[01m[Kstd::shared_ptr<_Tp>::shared_ptr(std::_Sp_alloc_shared_tag<_Tp>, _Args&& ...) [with _Alloc = std::allocator<CSubscriberNode>; _Args = {}; _Tp = CSubscriberNode][m[Kâ€™
[4.177s] [01m[K/usr/include/c++/11/bits/shared_ptr.h:862:14:[m[K   required from â€˜[01m[Kstd::shared_ptr<_Tp> std::allocate_shared(const _Alloc&, _Args&& ...) [with _Tp = CSubscriberNode; _Alloc = std::allocator<CSubscriberNode>; _Args = {}][m[Kâ€™
[4.177s] [01m[K/usr/include/c++/11/bits/shared_ptr.h:878:39:[m[K   required from â€˜[01m[Kstd::shared_ptr<_Tp> std::make_shared(_Args&& ...) [with _Tp = CSubscriberNode; _Args = {}][m[Kâ€™
[4.177s] [01m[K/home/nipun/ros2RB_ws/simple_pkg_cpp/src/subscriber.cpp:31:51:[m[K   required from here
[4.177s] [01m[K/usr/include/c++/11/ext/new_allocator.h:162:11:[m[K [01;31m[Kerror: [m[Kuse of deleted function â€˜[01m[KCSubscriberNode::CSubscriberNode()[m[Kâ€™
[4.177s]   162 |         { [01;31m[K::new((void *)__p) _Up(std::forward<_Args>(__args)...)[m[K; }
[4.177s]       |           [01;31m[K^~~~~~~~~~~~~~~~~~~~~~~~~~~~~~~~~~~~~~~~~~~~~~~~~~~~~~[m[K
[4.177s] [01m[K/home/nipun/ros2RB_ws/simple_pkg_cpp/src/subscriber.cpp:10:7:[m[K [01;36m[Knote: [m[Kâ€˜[01m[KCSubscriberNode::CSubscriberNode()[m[Kâ€™ is implicitly deleted because the default definition would be ill-formed:
[4.178s]    10 | class [01;36m[KCSubscriberNode[m[K : public rclcpp::Node
[4.178s]       |       [01;36m[K^~~~~~~~~~~~~~~[m[K
[4.178s] [01m[K/home/nipun/ros2RB_ws/simple_pkg_cpp/src/subscriber.cpp:10:7:[m[K [01;31m[Kerror: [m[Kno matching function for call to â€˜[01m[Krclcpp::Node::Node()[m[Kâ€™
[4.178s] In file included from [01m[K/opt/ros/humble/include/rclcpp/rclcpp/executors/single_threaded_executor.hpp:28[m[K,
[4.178s]                  from [01m[K/opt/ros/humble/include/rclcpp/rclcpp/executors.hpp:22[m[K,
[4.178s]                  from [01m[K/opt/ros/humble/include/rclcpp/rclcpp/rclcpp.hpp:155[m[K,
[4.178s]                  from [01m[K/home/nipun/ros2RB_ws/simple_pkg_cpp/src/subscriber.cpp:2[m[K:
[4.178s] [01m[K/opt/ros/humble/include/rclcpp/rclcpp/node.hpp:1294:3:[m[K [01;36m[Knote: [m[Kcandidate: â€˜[01m[Krclcpp::Node::Node(const rclcpp::Node&, const string&)[m[Kâ€™
[4.178s]  1294 |   [01;36m[KNode[m[K(
[4.178s]       |   [01;36m[K^~~~[m[K
[4.202s] [01m[K/opt/ros/humble/include/rclcpp/rclcpp/node.hpp:1294:3:[m[K [01;36m[Knote: [m[K  candidate expects 2 arguments, 0 provided
[4.202s] [01m[K/opt/ros/humble/include/rclcpp/rclcpp/node.hpp:101:12:[m[K [01;36m[Knote: [m[Kcandidate: â€˜[01m[Krclcpp::Node::Node(const string&, const string&, const rclcpp::NodeOptions&)[m[Kâ€™
[4.202s]   101 |   explicit [01;36m[KNode[m[K(
[4.202s]       |            [01;36m[K^~~~[m[K
[4.202s] [01m[K/opt/ros/humble/include/rclcpp/rclcpp/node.hpp:101:12:[m[K [01;36m[Knote: [m[K  candidate expects 3 arguments, 0 provided
[4.202s] [01m[K/opt/ros/humble/include/rclcpp/rclcpp/node.hpp:89:12:[m[K [01;36m[Knote: [m[Kcandidate: â€˜[01m[Krclcpp::Node::Node(const string&, const rclcpp::NodeOptions&)[m[Kâ€™
[4.202s]    89 |   explicit [01;36m[KNode[m[K(
[4.203s]       |            [01;36m[K^~~~[m[K
[4.203s] [01m[K/opt/ros/humble/include/rclcpp/rclcpp/node.hpp:89:12:[m[K [01;36m[Knote: [m[K  candidate expects 2 arguments, 0 provided
[4.268s] gmake[2]: *** [CMakeFiles/HelloWorldSubscriberCpp.dir/build.make:76: CMakeFiles/HelloWorldSubscriberCpp.dir/src/subscriber.cpp.o] Error 1
[4.268s] gmake[1]: *** [CMakeFiles/Makefile2:165: CMakeFiles/HelloWorldSubscriberCpp.dir/all] Error 2
[4.269s] gmake: *** [Makefile:146: all] Error 2
[4.271s] Invoked command in '/home/nipun/ros2RB_ws/build/simple_pkg_cpp' returned '2': CMAKE_PREFIX_PATH=${CMAKE_PREFIX_PATH}:/home/nipun/ros2RB_ws/install/simple_pkg:/home/nipun/ros2_ws/install/my_py_pkg:/opt/ros/humble /usr/bin/cmake --build /home/nipun/ros2RB_ws/build/simple_pkg_cpp -- -j3 -l3
