[0.014s] Invoking command in '/home/nipun/ros2RB_ws/build/simple_pkg_cpp': CMAKE_PREFIX_PATH=${CMAKE_PREFIX_PATH}:/home/nipun/ros2RB_ws/install/simple_pkg:/home/nipun/ros2_ws/install/my_py_pkg:/opt/ros/humble /usr/bin/cmake --build /home/nipun/ros2RB_ws/build/simple_pkg_cpp -- -j3 -l3
[0.076s] [ 50%] [32mBuilding CXX object CMakeFiles/HelloWorldPublisherCpp.dir/src/publisher.cpp.o[0m
[2.892s] [01m[K/home/nipun/ros2RB_ws/simple_pkg_cpp/src/publisher.cpp:[m[K In constructor â€˜[01m[KCPublisherNode::CPublisherNode()[m[Kâ€™:
[2.892s] [01m[K/home/nipun/ros2RB_ws/simple_pkg_cpp/src/publisher.cpp:10:49:[m[K [01;31m[Kerror: [m[Kno matching function for call to â€˜[01m[KCPublisherNode::create_wall_timer(int, std::_Bind_helper<false, void (CPublisherNode::*)(), CPublisherNode*>::type)[m[Kâ€™
[2.892s]    10 |         this->m_pTimer = [01;31m[Kthis->create_wall_timer(500, std::bind(&CPublisherNode::timerCallback, this))[m[K;
[2.892s]       |                          [01;31m[K~~~~~~~~~~~~~~~~~~~~~~~^~~~~~~~~~~~~~~~~~~~~~~~~~~~~~~~~~~~~~~~~~~~~~~~~~~~~~[m[K
[2.906s] In file included from [01m[K/opt/ros/humble/include/rclcpp/rclcpp/executors/single_threaded_executor.hpp:28[m[K,
[2.906s]                  from [01m[K/opt/ros/humble/include/rclcpp/rclcpp/executors.hpp:22[m[K,
[2.906s]                  from [01m[K/opt/ros/humble/include/rclcpp/rclcpp/rclcpp.hpp:155[m[K,
[2.906s]                  from [01m[K/home/nipun/ros2RB_ws/simple_pkg_cpp/src/publisher.cpp:1[m[K:
[2.906s] [01m[K/opt/ros/humble/include/rclcpp/rclcpp/node.hpp:238:3:[m[K [01;36m[Knote: [m[Kcandidate: â€˜[01m[Ktemplate<class DurationRepT, class DurationT, class CallbackT> typename rclcpp::WallTimer<CallbackT>::SharedPtr rclcpp::Node::create_wall_timer(std::chrono::duration<_Rep1, _Period1>, CallbackT, rclcpp::CallbackGroup::SharedPtr)[m[Kâ€™
[2.906s]   238 |   [01;36m[Kcreate_wall_timer[m[K(
[2.906s]       |   [01;36m[K^~~~~~~~~~~~~~~~~[m[K
[2.906s] [01m[K/opt/ros/humble/include/rclcpp/rclcpp/node.hpp:238:3:[m[K [01;36m[Knote: [m[K  template argument deduction/substitution failed:
[2.906s] [01m[K/home/nipun/ros2RB_ws/simple_pkg_cpp/src/publisher.cpp:10:49:[m[K [01;36m[Knote: [m[K  mismatched types â€˜[01m[Kstd::chrono::duration<_Rep1, _Period1>[m[Kâ€™ and â€˜[01m[Kint[m[Kâ€™
[2.906s]    10 |         this->m_pTimer = [01;36m[Kthis->create_wall_timer(500, std::bind(&CPublisherNode::timerCallback, this))[m[K;
[2.906s]       |                          [01;36m[K~~~~~~~~~~~~~~~~~~~~~~~^~~~~~~~~~~~~~~~~~~~~~~~~~~~~~~~~~~~~~~~~~~~~~~~~~~~~~[m[K
[3.801s] gmake[2]: *** [CMakeFiles/HelloWorldPublisherCpp.dir/build.make:76: CMakeFiles/HelloWorldPublisherCpp.dir/src/publisher.cpp.o] Error 1
[3.804s] gmake[1]: *** [CMakeFiles/Makefile2:137: CMakeFiles/HelloWorldPublisherCpp.dir/all] Error 2
[3.805s] gmake: *** [Makefile:146: all] Error 2
[3.806s] Invoked command in '/home/nipun/ros2RB_ws/build/simple_pkg_cpp' returned '2': CMAKE_PREFIX_PATH=${CMAKE_PREFIX_PATH}:/home/nipun/ros2RB_ws/install/simple_pkg:/home/nipun/ros2_ws/install/my_py_pkg:/opt/ros/humble /usr/bin/cmake --build /home/nipun/ros2RB_ws/build/simple_pkg_cpp -- -j3 -l3
