[01m[K/home/nipun/ros2RB_ws/simple_pkg_cpp/src/publisher.cpp:[m[K In constructor â€˜[01m[KCPublisherNode::CPublisherNode()[m[Kâ€™:
[01m[K/home/nipun/ros2RB_ws/simple_pkg_cpp/src/publisher.cpp:12:49:[m[K [01;31m[Kerror: [m[Kno matching function for call to â€˜[01m[KCPublisherNode::create_wall_timer(int, std::_Bind_helper<false, void (CPublisherNode::*)(), CPublisherNode*>::type)[m[Kâ€™
   12 |         this->m_pTimer = [01;31m[Kthis->create_wall_timer(500, std::bind(&CPublisherNode::timerCallback, this))[m[K;
      |                          [01;31m[K~~~~~~~~~~~~~~~~~~~~~~~^~~~~~~~~~~~~~~~~~~~~~~~~~~~~~~~~~~~~~~~~~~~~~~~~~~~~~[m[K
In file included from [01m[K/opt/ros/humble/include/rclcpp/rclcpp/executors/single_threaded_executor.hpp:28[m[K,
                 from [01m[K/opt/ros/humble/include/rclcpp/rclcpp/executors.hpp:22[m[K,
                 from [01m[K/opt/ros/humble/include/rclcpp/rclcpp/rclcpp.hpp:155[m[K,
                 from [01m[K/home/nipun/ros2RB_ws/simple_pkg_cpp/src/publisher.cpp:1[m[K:
[01m[K/opt/ros/humble/include/rclcpp/rclcpp/node.hpp:238:3:[m[K [01;36m[Knote: [m[Kcandidate: â€˜[01m[Ktemplate<class DurationRepT, class DurationT, class CallbackT> typename rclcpp::WallTimer<CallbackT>::SharedPtr rclcpp::Node::create_wall_timer(std::chrono::duration<_Rep1, _Period1>, CallbackT, rclcpp::CallbackGroup::SharedPtr)[m[Kâ€™
  238 |   [01;36m[Kcreate_wall_timer[m[K(
      |   [01;36m[K^~~~~~~~~~~~~~~~~[m[K
[01m[K/opt/ros/humble/include/rclcpp/rclcpp/node.hpp:238:3:[m[K [01;36m[Knote: [m[K  template argument deduction/substitution failed:
[01m[K/home/nipun/ros2RB_ws/simple_pkg_cpp/src/publisher.cpp:12:49:[m[K [01;36m[Knote: [m[K  mismatched types â€˜[01m[Kstd::chrono::duration<_Rep1, _Period1>[m[Kâ€™ and â€˜[01m[Kint[m[Kâ€™
   12 |         this->m_pTimer = [01;36m[Kthis->create_wall_timer(500, std::bind(&CPublisherNode::timerCallback, this))[m[K;
      |                          [01;36m[K~~~~~~~~~~~~~~~~~~~~~~~^~~~~~~~~~~~~~~~~~~~~~~~~~~~~~~~~~~~~~~~~~~~~~~~~~~~~~[m[K
gmake[2]: *** [CMakeFiles/HelloWorldPublisherCpp.dir/build.make:76: CMakeFiles/HelloWorldPublisherCpp.dir/src/publisher.cpp.o] Error 1
gmake[1]: *** [CMakeFiles/Makefile2:137: CMakeFiles/HelloWorldPublisherCpp.dir/all] Error 2
gmake: *** [Makefile:146: all] Error 2
